<?xml version="1.0" encoding="UTF-8"?>
<testsuites name="MSU4" time="24.636" tests="1" failures="0" errors="0">
   <testsuite name="MSU4" tests="1" failures="0" errors="0" time="24.636" skipped="0" timestamp="14-06-2024T14:20:59" hostname="HP - 20.23.0.33" id="Test Suites/MSU3/MSU4">
      <properties>
         <property name="deviceName" value=""/>
         <property name="devicePlatform"/>
         <property name="logFolder" value="C:\\Users\\HP\\Katalon Studio\\MSU\\Reports\\20240614_142050\\MSU3\\MSU4\\20240614_142051"/>
         <property name="logFiles" value="C:\\Users\\HP\\Katalon Studio\\MSU\\Reports\\20240614_142050\\MSU3\\MSU4\\20240614_142051\\execution0.log"/>
         <property name="attachments" value=""/>
         <property name="hostName" value="HP - 20.23.0.33"/>
         <property name="os" value="Windows 11 64bit"/>
         <property name="katalonVersion" value="9.5.0.217"/>
         <property name="browser" value="Chrome 126.0.0.0"/>
         <property name="hostAddress" value="20.23.0.33"/>
         <property name="sessionId" value="fc84b17904c540f10a46499eee728e03"/>
         <property name="seleniumVersion" value="3.141.59"/>
         <property name="proxyInformation" value="ProxyInformation { proxyOption=NO_PROXY, proxyServerType=HTTP, username=, password=********, proxyServerAddress=, proxyServerPort=0, executionList=&quot;&quot;, isApplyToDesiredCapabilities=true }"/>
         <property name="platform" value="Windows 11"/>
      </properties>
      <testcase name="Test Cases/MSU1/MSU2" time="24.435" classname="Test Cases/MSU1/MSU2" status="PASSED">
         <system-out><![CDATA[14-06-2024T14:20:59 - [TEST_CASE][PASSED] - Test Cases/MSU1/MSU2: Test Cases/MSU1/MSU2

14-06-2024T14:21:00 - [TEST_STEP][PASSED] - openBrowser(""): Browser is opened with url: ''

14-06-2024T14:21:00 - [MESSAGE][INFO] - Starting 'Chrome' driver

14-06-2024T14:21:00 - [MESSAGE][INFO] - Action delay is set to 0 milliseconds

14-06-2024T14:21:02 - [MESSAGE][PASSED] - Browser is opened with url: ''

14-06-2024T14:21:02 - [TEST_STEP][PASSED] - navigateToUrl("https://www.msuniv.ac.in/"): Navigate to 'https://www.msuniv.ac.in/' successfully

14-06-2024T14:21:16 - [MESSAGE][PASSED] - Navigate to 'https://www.msuniv.ac.in/' successfully

14-06-2024T14:21:16 - [TEST_STEP][PASSED] - click(findTestObject("Object Repository/Page_Manonmaniam Sundaranar University/a_Home")): Object: 'Object Repository/Page_Manonmaniam Sundaranar University/a_Home' is clicked on

14-06-2024T14:21:17 - [MESSAGE][PASSED] - Object: 'Object Repository/Page_Manonmaniam Sundaranar University/a_Home' is clicked on

14-06-2024T14:21:17 - [TEST_STEP][PASSED] - click(findTestObject("Object Repository/Page_Manonmaniam Sundaranar University/a_Alumni")): Object: 'Object Repository/Page_Manonmaniam Sundaranar University/a_Alumni' is clicked on

14-06-2024T14:21:18 - [MESSAGE][PASSED] - Object: 'Object Repository/Page_Manonmaniam Sundaranar University/a_Alumni' is clicked on

14-06-2024T14:21:18 - [TEST_STEP][PASSED] - click(findTestObject("Object Repository/Page_Manonmaniam Sundaranar University/a_Library")): Object: 'Object Repository/Page_Manonmaniam Sundaranar University/a_Library' is clicked on

14-06-2024T14:21:20 - [MESSAGE][PASSED] - Object: 'Object Repository/Page_Manonmaniam Sundaranar University/a_Library' is clicked on

14-06-2024T14:21:20 - [TEST_STEP][PASSED] - click(findTestObject("Object Repository/Page_Manonmaniam Sundaranar University/a_Extension")): Object: 'Object Repository/Page_Manonmaniam Sundaranar University/a_Extension' is clicked on

14-06-2024T14:21:21 - [MESSAGE][PASSED] - Object: 'Object Repository/Page_Manonmaniam Sundaranar University/a_Extension' is clicked on

14-06-2024T14:21:21 - [TEST_STEP][PASSED] - click(findTestObject("Object Repository/Page_Manonmaniam Sundaranar University/a_Facilities")): Object: 'Object Repository/Page_Manonmaniam Sundaranar University/a_Facilities' is clicked on

14-06-2024T14:21:22 - [MESSAGE][PASSED] - Object: 'Object Repository/Page_Manonmaniam Sundaranar University/a_Facilities' is clicked on

14-06-2024T14:21:22 - [TEST_STEP][PASSED] - click(findTestObject("Object Repository/Page_Manonmaniam Sundaranar University/a_MIS")): Object: 'Object Repository/Page_Manonmaniam Sundaranar University/a_MIS' is clicked on

14-06-2024T14:21:24 - [MESSAGE][PASSED] - Object: 'Object Repository/Page_Manonmaniam Sundaranar University/a_MIS' is clicked on]]></system-out>
         <system-err><![CDATA[]]></system-err>
      </testcase>
      <system-out><![CDATA[14-06-2024T14:20:59 - [TEST_SUITE][PASSED] - MSU4: Test Cases/MSU1/MSU2]]></system-out>
      <system-err><![CDATA[]]></system-err>
   </testsuite>
</testsuites>
